<?xml version="1.0" encoding="UTF-8"?>
<!-- Generated by org.testng.reporters.JUnitReportReporter -->
<testsuite hostname="karan" failures="0" tests="2" name="mavenproject.TestRunner.Run" time="17.327" errors="0" timestamp="2024-03-01T10:57:14 IST" skipped="0">
  <testcase classname="mavenproject.TestRunner.Run" name="runScenario" time="6.585"/>
  <testcase classname="mavenproject.TestRunner.Run" name="runScenario" time="10.742"/>
</testsuite> <!-- mavenproject.TestRunner.Run -->
